-------------------------------------------------------------------------------
Test set: springboot1.springbootbackend.SpringbootBackendApplicationTests
-------------------------------------------------------------------------------
Tests run: 1, Failures: 0, Errors: 1, Skipped: 0, Time elapsed: 0.212 s <<< FAILURE! - in springboot1.springbootbackend.SpringbootBackendApplicationTests
springboot1.springbootbackend.SpringbootBackendApplicationTests  Time elapsed: 0.212 s  <<< ERROR!
java.lang.IllegalStateException: Unable to find a @SpringBootConfiguration, you need to use @ContextConfiguration or @SpringBootTest(classes=...) with your test

